<?xml version="1.0" encoding="UTF-8"?>
<testng-results ignored="0" total="1" passed="1" failed="0" skipped="0">
  <reporter-output>
  </reporter-output>
  <suite started-at="2022-04-30T20:25:47 PDT" name="Default suite" finished-at="2022-04-30T20:26:58 PDT" duration-ms="71504">
    <groups>
    </groups>
    <test started-at="2022-04-30T20:25:47 PDT" name="Default test" finished-at="2022-04-30T20:26:58 PDT" duration-ms="71504">
      <class name="com.test.Batch2Maven.DemoTest">
        <test-method is-config="true" signature="open()[pri:0, instance:com.test.Batch2Maven.DemoTest@f5ac9e4]" started-at="2022-04-30T20:25:47 PDT" name="open" finished-at="2022-04-30T20:26:14 PDT" duration-ms="27423" status="PASS">
          <reporter-output>
          </reporter-output>
        </test-method> <!-- open -->
        <test-method signature="run()[pri:0, instance:com.test.Batch2Maven.DemoTest@f5ac9e4]" started-at="2022-04-30T20:26:15 PDT" name="run" finished-at="2022-04-30T20:26:55 PDT" duration-ms="40583" status="PASS">
          <reporter-output>
          </reporter-output>
        </test-method> <!-- run -->
        <test-method is-config="true" signature="pageclose()[pri:0, instance:com.test.Batch2Maven.DemoTest@f5ac9e4]" started-at="2022-04-30T20:26:55 PDT" name="pageclose" finished-at="2022-04-30T20:26:58 PDT" duration-ms="2978" status="PASS">
          <reporter-output>
          </reporter-output>
        </test-method> <!-- pageclose -->
      </class> <!-- com.test.Batch2Maven.DemoTest -->
    </test> <!-- Default test -->
  </suite> <!-- Default suite -->
</testng-results>
